c:\users\dicky\onedrive\桌面\seneca\semester_2\oop244\workshops\oop244-works\ms1\x64\debug\vc143.pdb
c:\users\dicky\onedrive\桌面\seneca\semester_2\oop244\workshops\oop244-works\ms1\x64\debug\vc143.idb
c:\users\dicky\onedrive\桌面\seneca\semester_2\oop244\workshops\oop244-works\ms1\x64\debug\utils.obj
c:\users\dicky\onedrive\桌面\seneca\semester_2\oop244\workshops\oop244-works\ms1\x64\debug\time.obj
c:\users\dicky\onedrive\桌面\seneca\semester_2\oop244\workshops\oop244-works\ms1\x64\debug\main.obj
c:\users\dicky\onedrive\桌面\seneca\semester_2\oop244\workshops\oop244-works\ms1\x64\debug\menu.obj
c:\users\dicky\onedrive\桌面\seneca\semester_2\oop244\workshops\oop244-works\ms1\x64\debug\ms1.pdb
c:\users\dicky\onedrive\桌面\seneca\semester_2\oop244\workshops\oop244-works\ms1\x64\debug\ms1.tlog\cl.command.1.tlog
c:\users\dicky\onedrive\桌面\seneca\semester_2\oop244\workshops\oop244-works\ms1\x64\debug\ms1.tlog\cl.items.tlog
c:\users\dicky\onedrive\桌面\seneca\semester_2\oop244\workshops\oop244-works\ms1\x64\debug\ms1.tlog\cl.read.1.tlog
c:\users\dicky\onedrive\桌面\seneca\semester_2\oop244\workshops\oop244-works\ms1\x64\debug\ms1.tlog\cl.write.1.tlog
c:\users\dicky\onedrive\桌面\seneca\semester_2\oop244\workshops\oop244-works\ms1\x64\debug\ms1.tlog\link-cvtres.read.1.tlog
c:\users\dicky\onedrive\桌面\seneca\semester_2\oop244\workshops\oop244-works\ms1\x64\debug\ms1.tlog\link-cvtres.write.1.tlog
c:\users\dicky\onedrive\桌面\seneca\semester_2\oop244\workshops\oop244-works\ms1\x64\debug\ms1.tlog\link-rc.read.1.tlog
c:\users\dicky\onedrive\桌面\seneca\semester_2\oop244\workshops\oop244-works\ms1\x64\debug\ms1.tlog\link-rc.write.1.tlog
c:\users\dicky\onedrive\桌面\seneca\semester_2\oop244\workshops\oop244-works\ms1\x64\debug\ms1.tlog\link.5512-cvtres.read.1.tlog
c:\users\dicky\onedrive\桌面\seneca\semester_2\oop244\workshops\oop244-works\ms1\x64\debug\ms1.tlog\link.5512-cvtres.write.1.tlog
c:\users\dicky\onedrive\桌面\seneca\semester_2\oop244\workshops\oop244-works\ms1\x64\debug\ms1.tlog\link.5512-rc.read.1.tlog
c:\users\dicky\onedrive\桌面\seneca\semester_2\oop244\workshops\oop244-works\ms1\x64\debug\ms1.tlog\link.5512-rc.write.1.tlog
c:\users\dicky\onedrive\桌面\seneca\semester_2\oop244\workshops\oop244-works\ms1\x64\debug\ms1.tlog\link.5512.read.1.tlog
c:\users\dicky\onedrive\桌面\seneca\semester_2\oop244\workshops\oop244-works\ms1\x64\debug\ms1.tlog\link.5512.read.2.tlog
c:\users\dicky\onedrive\桌面\seneca\semester_2\oop244\workshops\oop244-works\ms1\x64\debug\ms1.tlog\link.5512.read.3.tlog
c:\users\dicky\onedrive\桌面\seneca\semester_2\oop244\workshops\oop244-works\ms1\x64\debug\ms1.tlog\link.5512.read.4.tlog
c:\users\dicky\onedrive\桌面\seneca\semester_2\oop244\workshops\oop244-works\ms1\x64\debug\ms1.tlog\link.5512.write.1.tlog
c:\users\dicky\onedrive\桌面\seneca\semester_2\oop244\workshops\oop244-works\ms1\x64\debug\ms1.tlog\link.command.1.tlog
c:\users\dicky\onedrive\桌面\seneca\semester_2\oop244\workshops\oop244-works\ms1\x64\debug\ms1.tlog\link.read.1.tlog
c:\users\dicky\onedrive\桌面\seneca\semester_2\oop244\workshops\oop244-works\ms1\x64\debug\ms1.tlog\link.read.2.tlog
c:\users\dicky\onedrive\桌面\seneca\semester_2\oop244\workshops\oop244-works\ms1\x64\debug\ms1.tlog\link.read.3.tlog
c:\users\dicky\onedrive\桌面\seneca\semester_2\oop244\workshops\oop244-works\ms1\x64\debug\ms1.tlog\link.read.4.tlog
c:\users\dicky\onedrive\桌面\seneca\semester_2\oop244\workshops\oop244-works\ms1\x64\debug\ms1.tlog\link.read.5.tlog
c:\users\dicky\onedrive\桌面\seneca\semester_2\oop244\workshops\oop244-works\ms1\x64\debug\ms1.tlog\link.write.1.tlog
